1593340378121	mozrunner::runner	INFO	Running command: "/Applications/Firefox.app/Contents/MacOS/firefox-bin" "-marionette" "-foreground" "-no-remote" "-profile" "/var/folders/3q/5srft3z90z19tq3qbt3qtqv80000gn/T/rust_mozprofileOwb0qf"
1593340378639	addons.webextension.doh-rollout@mozilla.org	WARN	Loading extension 'doh-rollout@mozilla.org': Reading manifest: Invalid extension permission: networkStatus
1593340379111	addons.webextension.screenshots@mozilla.org	WARN	Loading extension 'screenshots@mozilla.org': Reading manifest: Invalid extension permission: mozillaAddons
1593340379112	addons.webextension.screenshots@mozilla.org	WARN	Loading extension 'screenshots@mozilla.org': Reading manifest: Invalid extension permission: telemetry
1593340379112	addons.webextension.screenshots@mozilla.org	WARN	Loading extension 'screenshots@mozilla.org': Reading manifest: Invalid extension permission: resource://pdf.js/
1593340379112	addons.webextension.screenshots@mozilla.org	WARN	Loading extension 'screenshots@mozilla.org': Reading manifest: Invalid extension permission: about:reader*
1593340381252	Marionette	INFO	Listening on port 60982
1593340381291	Marionette	WARN	TLS certificate errors will be ignored for this session
JavaScript error: https://pushservercrm.play-gaming.com/public/0.0.2/main/js/app.min.js, line 1: NS_ERROR_NOT_INITIALIZED: 
1593344392770	Marionette	INFO	Stopped listening on port 60982
1595191254301	mozrunner::runner	INFO	Running command: "/Applications/Firefox.app/Contents/MacOS/firefox-bin" "-marionette" "-foreground" "-no-remote" "-profile" "/var/folders/3q/5srft3z90z19tq3qbt3qtqv80000gn/T/rust_mozprofile7Y5bUv"
1595191258414	Marionette	INFO	Listening on port 50542
1595191272547	mozrunner::runner	INFO	Running command: "/Applications/Firefox.app/Contents/MacOS/firefox-bin" "-marionette" "-foreground" "-no-remote" "-profile" "/var/folders/3q/5srft3z90z19tq3qbt3qtqv80000gn/T/rust_mozprofile2AG2A2"
1595191275693	Marionette	INFO	Listening on port 50582
1595191275748	Marionette	WARN	TLS certificate errors will be ignored for this session
1595191282953	Marionette	INFO	Stopped listening on port 50542
1595191390792	mozrunner::runner	INFO	Running command: "/Applications/Firefox.app/Contents/MacOS/firefox-bin" "-marionette" "-foreground" "-no-remote" "-profile" "/var/folders/3q/5srft3z90z19tq3qbt3qtqv80000gn/T/rust_mozprofile5J6I03"
1595191393696	Marionette	INFO	Listening on port 50985
1595191393759	Marionette	WARN	TLS certificate errors will be ignored for this session
1595191405794	mozrunner::runner	INFO	Running command: "/Applications/Firefox.app/Contents/MacOS/firefox-bin" "-marionette" "-foreground" "-no-remote" "-profile" "/var/folders/3q/5srft3z90z19tq3qbt3qtqv80000gn/T/rust_mozprofilerijj9Y"
1595191408665	Marionette	INFO	Listening on port 51107
1595191408796	Marionette	WARN	TLS certificate errors will be ignored for this session
1595191409299	Marionette	INFO	Stopped listening on port 50582
console.error: "Store does not have a valid reducer. Make sure the argument passed to combineReducers is an object whose values are reducers."
console.error: (new TypeError("currentNode is null", "resource://devtools/client/inspector/shared/style-change-tracker.js", 66))
TypeError: currentNode is null: canMutationImpactCurrentStyles@resource://devtools/client/inspector/shared/style-change-tracker.js:66:20
onMutations@resource://devtools/client/inspector/shared/style-change-tracker.js:84:41
_emit@resource://devtools/shared/event-emitter.js:226:34
emit@resource://devtools/shared/event-emitter.js:172:18
emit@resource://devtools/shared/event-emitter.js:324:18
getMutations@resource://devtools/client/fronts/walker.js:409:10

1595191780281	Marionette	WARN	TimedPromise timed out after 500 ms: stacktrace:
TimedPromise/<@chrome://marionette/content/sync.js:245:13
TimedPromise@chrome://marionette/content/sync.js:230:10
interaction.flushEventLoop@chrome://marionette/content/interaction.js:416:10
webdriverClickElement@chrome://marionette/content/interaction.js:182:31
1595191864046	mozrunner::runner	INFO	Running command: "/Applications/Firefox.app/Contents/MacOS/firefox-bin" "-marionette" "-foreground" "-no-remote" "-profile" "/var/folders/3q/5srft3z90z19tq3qbt3qtqv80000gn/T/rust_mozprofileXOgxHK"
1595191866761	Marionette	INFO	Listening on port 53090
1595191866796	Marionette	WARN	TLS certificate errors will be ignored for this session
1595191887729	Marionette	INFO	Stopped listening on port 51107
1595191902643	mozrunner::runner	INFO	Running command: "/Applications/Firefox.app/Contents/MacOS/firefox-bin" "-marionette" "-foreground" "-no-remote" "-profile" "/var/folders/3q/5srft3z90z19tq3qbt3qtqv80000gn/T/rust_mozprofilehFWirG"
1595191905482	Marionette	INFO	Listening on port 53330
1595191905507	Marionette	WARN	TLS certificate errors will be ignored for this session
1595193108717	Marionette	INFO	Stopped listening on port 53090
1595193112244	Marionette	INFO	Stopped listening on port 53330
1595193330397	mozrunner::runner	INFO	Running command: "/Applications/Firefox.app/Contents/MacOS/firefox-bin" "-marionette" "-foreground" "-no-remote" "-profile" "/var/folders/3q/5srft3z90z19tq3qbt3qtqv80000gn/T/rust_mozprofile7qBwxu"
1595193333067	Marionette	INFO	Listening on port 55388
1595193333150	Marionette	WARN	TLS certificate errors will be ignored for this session
1595193362826	mozrunner::runner	INFO	Running command: "/Applications/Firefox.app/Contents/MacOS/firefox-bin" "-marionette" "-foreground" "-no-remote" "-profile" "/var/folders/3q/5srft3z90z19tq3qbt3qtqv80000gn/T/rust_mozprofileXaxcd5"
1595193365666	Marionette	INFO	Listening on port 55489
1595193365693	Marionette	WARN	TLS certificate errors will be ignored for this session
1595193366426	Marionette	INFO	Stopped listening on port 55388
1595193420618	Marionette	WARN	TimedPromise timed out after 500 ms: stacktrace:
TimedPromise/<@chrome://marionette/content/sync.js:245:13
TimedPromise@chrome://marionette/content/sync.js:230:10
interaction.flushEventLoop@chrome://marionette/content/interaction.js:416:10
webdriverClickElement@chrome://marionette/content/interaction.js:182:31
1595193446347	Marionette	INFO	Stopped listening on port 55489
1595239370440	Marionette	INFO	Stopped listening on port 50985
1597015624341	mozrunner::runner	INFO	Running command: "/Applications/Firefox.app/Contents/MacOS/firefox-bin" "-marionette" "-foreground" "-no-remote" "-profile" "/var/folders/3q/5srft3z90z19tq3qbt3qtqv80000gn/T/rust_mozprofileVUZAmP"
1597015628023	Marionette	INFO	Listening on port 53204
1597015628049	Marionette	WARN	TLS certificate errors will be ignored for this session
JavaScript warning: https://www.bet.co.za/_Incapsula_Resource?SWJIYLWA=719d34d31c8e3a6e6fffd425f7e032f3&ns=1&cb=398269576, line 1: unreachable code after return statement
JavaScript warning: https://www.bet.co.za/_Incapsula_Resource?SWJIYLWA=719d34d31c8e3a6e6fffd425f7e032f3&ns=1&cb=398269576 line 1 > eval, line 1: unreachable code after return statement
JavaScript error: https://pushservercrm.play-gaming.com/public/0.0.2/main/js/app.min.js, line 1: NS_ERROR_NOT_INITIALIZED: 
1597016987026	Marionette	INFO	Stopped listening on port 53204
1597017060169	mozrunner::runner	INFO	Running command: "/Applications/Firefox.app/Contents/MacOS/firefox-bin" "-marionette" "-foreground" "-no-remote" "-profile" "/var/folders/3q/5srft3z90z19tq3qbt3qtqv80000gn/T/rust_mozprofileM3Z1g5"
1597017062903	Marionette	INFO	Listening on port 53814
1597017062940	Marionette	WARN	TLS certificate errors will be ignored for this session
1597017082385	mozrunner::runner	INFO	Running command: "/Applications/Firefox.app/Contents/MacOS/firefox-bin" "-marionette" "-foreground" "-no-remote" "-profile" "/var/folders/3q/5srft3z90z19tq3qbt3qtqv80000gn/T/rust_mozprofileQ30jwx"
1597017085231	Marionette	INFO	Listening on port 53877
1597017085271	Marionette	WARN	TLS certificate errors will be ignored for this session
JavaScript warning: https://www.worldometers.info/coronavirus/, line 21678: unreachable code after return statement
JavaScript warning: https://www.worldometers.info/coronavirus/, line 21734: unreachable code after return statement
1597017250210	mozrunner::runner	INFO	Running command: "/Applications/Firefox.app/Contents/MacOS/firefox-bin" "-marionette" "-foreground" "-no-remote" "-profile" "/var/folders/3q/5srft3z90z19tq3qbt3qtqv80000gn/T/rust_mozprofile1MOTvn"
1597017253063	Marionette	INFO	Listening on port 54572
1597017253098	Marionette	WARN	TLS certificate errors will be ignored for this session
JavaScript warning: https://www.worldometers.info/coronavirus/, line 21679: unreachable code after return statement
JavaScript warning: https://www.worldometers.info/coronavirus/, line 21735: unreachable code after return statement
1597017554638	mozrunner::runner	INFO	Running command: "/Applications/Firefox.app/Contents/MacOS/firefox-bin" "-marionette" "-foreground" "-no-remote" "-profile" "/var/folders/3q/5srft3z90z19tq3qbt3qtqv80000gn/T/rust_mozprofilew3j1Un"
1597017557499	Marionette	INFO	Listening on port 55949
1597017557528	Marionette	WARN	TLS certificate errors will be ignored for this session
JavaScript warning: https://www.worldometers.info/coronavirus/, line 21679: unreachable code after return statement
JavaScript warning: https://www.worldometers.info/coronavirus/, line 21735: unreachable code after return statement
1597017560472	Marionette	INFO	Stopped listening on port 53877
1597017565746	Marionette	INFO	Stopped listening on port 54572
1597017730409	mozrunner::runner	INFO	Running command: "/Applications/Firefox.app/Contents/MacOS/firefox-bin" "-marionette" "-foreground" "-no-remote" "-profile" "/var/folders/3q/5srft3z90z19tq3qbt3qtqv80000gn/T/rust_mozprofile7CeFCs"
1597017732951	Marionette	INFO	Listening on port 56849
1597017732981	Marionette	WARN	TLS certificate errors will be ignored for this session
JavaScript warning: https://www.worldometers.info/coronavirus/, line 21418: unreachable code after return statement
JavaScript warning: https://www.worldometers.info/coronavirus/, line 21474: unreachable code after return statement
1597017816244	mozrunner::runner	INFO	Running command: "/Applications/Firefox.app/Contents/MacOS/firefox-bin" "-marionette" "-foreground" "-no-remote" "-profile" "/var/folders/3q/5srft3z90z19tq3qbt3qtqv80000gn/T/rust_mozprofileDF1tGn"
1597017819025	Marionette	INFO	Listening on port 57323
1597017819111	Marionette	WARN	TLS certificate errors will be ignored for this session
JavaScript warning: https://www.worldometers.info/coronavirus/, line 21418: unreachable code after return statement
JavaScript warning: https://www.worldometers.info/coronavirus/, line 21474: unreachable code after return statement
1597018102565	Marionette	INFO	Stopped listening on port 55949
1597018118982	Marionette	INFO	Stopped listening on port 53814
1597018353931	mozrunner::runner	INFO	Running command: "/Applications/Firefox.app/Contents/MacOS/firefox-bin" "-marionette" "-foreground" "-no-remote" "-profile" "/var/folders/3q/5srft3z90z19tq3qbt3qtqv80000gn/T/rust_mozprofileVJweGV"
1597018356608	Marionette	INFO	Listening on port 59731
1597018356703	Marionette	WARN	TLS certificate errors will be ignored for this session
JavaScript warning: https://www.worldometers.info/coronavirus/, line 21419: unreachable code after return statement
JavaScript warning: https://www.worldometers.info/coronavirus/, line 21475: unreachable code after return statement
1597018400423	mozrunner::runner	INFO	Running command: "/Applications/Firefox.app/Contents/MacOS/firefox-bin" "-marionette" "-foreground" "-no-remote" "-profile" "/var/folders/3q/5srft3z90z19tq3qbt3qtqv80000gn/T/rust_mozprofilefCDst9"
1597018403091	Marionette	INFO	Listening on port 60051
1597018403182	Marionette	WARN	TLS certificate errors will be ignored for this session
JavaScript warning: https://www.worldometers.info/coronavirus/, line 21418: unreachable code after return statement
JavaScript warning: https://www.worldometers.info/coronavirus/, line 21474: unreachable code after return statement
1597018464236	mozrunner::runner	INFO	Running command: "/Applications/Firefox.app/Contents/MacOS/firefox-bin" "-marionette" "-foreground" "-no-remote" "-profile" "/var/folders/3q/5srft3z90z19tq3qbt3qtqv80000gn/T/rust_mozprofilese9tlj"
1597018467010	Marionette	INFO	Listening on port 60455
1597018467114	Marionette	WARN	TLS certificate errors will be ignored for this session
JavaScript warning: https://www.worldometers.info/coronavirus/, line 21418: unreachable code after return statement
JavaScript warning: https://www.worldometers.info/coronavirus/, line 21474: unreachable code after return statement
1597018503359	mozrunner::runner	INFO	Running command: "/Applications/Firefox.app/Contents/MacOS/firefox-bin" "-marionette" "-foreground" "-no-remote" "-profile" "/var/folders/3q/5srft3z90z19tq3qbt3qtqv80000gn/T/rust_mozprofileIpnNqo"
1597018506580	Marionette	INFO	Listening on port 60749
1597018506627	Marionette	WARN	TLS certificate errors will be ignored for this session
JavaScript warning: https://www.worldometers.info/coronavirus/, line 21418: unreachable code after return statement
JavaScript warning: https://www.worldometers.info/coronavirus/, line 21474: unreachable code after return statement
1597018709675	mozrunner::runner	INFO	Running command: "/Applications/Firefox.app/Contents/MacOS/firefox-bin" "-marionette" "-foreground" "-no-remote" "-profile" "/var/folders/3q/5srft3z90z19tq3qbt3qtqv80000gn/T/rust_mozprofileesnGmM"
1597018712510	Marionette	INFO	Listening on port 61733
1597018712561	Marionette	WARN	TLS certificate errors will be ignored for this session
JavaScript warning: https://www.worldometers.info/coronavirus/, line 21424: unreachable code after return statement
JavaScript warning: https://www.worldometers.info/coronavirus/, line 21480: unreachable code after return statement
1597018825065	Marionette	INFO	Stopped listening on port 56849
1597018828448	Marionette	INFO	Stopped listening on port 57323

###!!! [Child][MessageChannel] Error: (msgtype=0x6B0029,name=PNecko::Msg_RemoveRequestContext) Channel closing: too late to send/recv, messages will be lost

1597018830989	Marionette	INFO	Stopped listening on port 60051

###!!! [Child][RunMessage] Error: Channel closing: too late to send/recv, messages will be lost

1597018834301	Marionette	INFO	Stopped listening on port 60455
1597018837545	Marionette	INFO	Stopped listening on port 60749
1597019135893	mozrunner::runner	INFO	Running command: "/Applications/Firefox.app/Contents/MacOS/firefox-bin" "-marionette" "-foreground" "-no-remote" "-profile" "/var/folders/3q/5srft3z90z19tq3qbt3qtqv80000gn/T/rust_mozprofileFfV43F"
1597019139484	Marionette	INFO	Listening on port 63614
1597019139591	Marionette	WARN	TLS certificate errors will be ignored for this session
JavaScript warning: https://www.worldometers.info/coronavirus/, line 21426: unreachable code after return statement
JavaScript warning: https://www.worldometers.info/coronavirus/, line 21482: unreachable code after return statement
1597019352034	mozrunner::runner	INFO	Running command: "/Applications/Firefox.app/Contents/MacOS/firefox-bin" "-marionette" "-foreground" "-no-remote" "-profile" "/var/folders/3q/5srft3z90z19tq3qbt3qtqv80000gn/T/rust_mozprofilee1UpQB"
1597019354727	Marionette	INFO	Listening on port 64679
1597019354805	Marionette	WARN	TLS certificate errors will be ignored for this session
JavaScript warning: https://www.worldometers.info/coronavirus/, line 21429: unreachable code after return statement
JavaScript warning: https://www.worldometers.info/coronavirus/, line 21485: unreachable code after return statement
1597019455593	mozrunner::runner	INFO	Running command: "/Applications/Firefox.app/Contents/MacOS/firefox-bin" "-marionette" "-foreground" "-no-remote" "-profile" "/var/folders/3q/5srft3z90z19tq3qbt3qtqv80000gn/T/rust_mozprofilexC4GSa"
1597019458270	Marionette	INFO	Listening on port 65232
1597019458368	Marionette	WARN	TLS certificate errors will be ignored for this session
JavaScript warning: https://www.worldometers.info/coronavirus/, line 21434: unreachable code after return statement
JavaScript warning: https://www.worldometers.info/coronavirus/, line 21490: unreachable code after return statement
1597019631946	mozrunner::runner	INFO	Running command: "/Applications/Firefox.app/Contents/MacOS/firefox-bin" "-marionette" "-foreground" "-no-remote" "-profile" "/var/folders/3q/5srft3z90z19tq3qbt3qtqv80000gn/T/rust_mozprofileP8fg60"
1597019634683	Marionette	INFO	Listening on port 49692
1597019634716	Marionette	WARN	TLS certificate errors will be ignored for this session
JavaScript warning: https://www.worldometers.info/coronavirus/, line 21442: unreachable code after return statement
JavaScript warning: https://www.worldometers.info/coronavirus/, line 21498: unreachable code after return statement
1597020216156	mozrunner::runner	INFO	Running command: "/Applications/Firefox.app/Contents/MacOS/firefox-bin" "-marionette" "-foreground" "-no-remote" "-profile" "/var/folders/3q/5srft3z90z19tq3qbt3qtqv80000gn/T/rust_mozprofile9KQtTB"

###!!! [Child][MessageChannel] Error: (msgtype=0x39012D,name=PContent::Msg_ScriptError) Channel closing: too late to send/recv, messages will be lost

1597020219726	Marionette	INFO	Stopped listening on port 61733
1597020220088	Marionette	INFO	Listening on port 52256
1597020220153	Marionette	WARN	TLS certificate errors will be ignored for this session
JavaScript warning: https://www.worldometers.info/coronavirus/, line 21442: unreachable code after return statement
JavaScript warning: https://www.worldometers.info/coronavirus/, line 21498: unreachable code after return statement
1597020224406	Marionette	INFO	Stopped listening on port 63614
1597020228575	Marionette	INFO	Stopped listening on port 64679
1597020233054	Marionette	INFO	Stopped listening on port 65232
1597020597381	mozrunner::runner	INFO	Running command: "/Applications/Firefox.app/Contents/MacOS/firefox-bin" "-marionette" "-foreground" "-no-remote" "-profile" "/var/folders/3q/5srft3z90z19tq3qbt3qtqv80000gn/T/rust_mozprofileM1s0tG"
1597020600807	Marionette	INFO	Listening on port 53978
1597020600879	Marionette	WARN	TLS certificate errors will be ignored for this session
JavaScript warning: https://www.worldometers.info/coronavirus/, line 21448: unreachable code after return statement
JavaScript warning: https://www.worldometers.info/coronavirus/, line 21504: unreachable code after return statement
1597020621742	mozrunner::runner	INFO	Running command: "/Applications/Firefox.app/Contents/MacOS/firefox-bin" "-marionette" "-foreground" "-no-remote" "-profile" "/var/folders/3q/5srft3z90z19tq3qbt3qtqv80000gn/T/rust_mozprofileg3NwkR"
1597020625536	Marionette	INFO	Stopped listening on port 49692
1597020626126	Marionette	INFO	Listening on port 54262
1597020626173	Marionette	WARN	TLS certificate errors will be ignored for this session
1597020629027	Marionette	INFO	Stopped listening on port 52256
JavaScript warning: https://www.worldometers.info/coronavirus/, line 21446: unreachable code after return statement
JavaScript warning: https://www.worldometers.info/coronavirus/, line 21502: unreachable code after return statement
1597020635725	Marionette	INFO	Stopped listening on port 53978
1597020655302	mozrunner::runner	INFO	Running command: "/Applications/Firefox.app/Contents/MacOS/firefox-bin" "-marionette" "-foreground" "-no-remote" "-profile" "/var/folders/3q/5srft3z90z19tq3qbt3qtqv80000gn/T/rust_mozprofile6e6Vhu"
1597020658336	Marionette	INFO	Listening on port 54555
1597020658381	Marionette	WARN	TLS certificate errors will be ignored for this session
JavaScript warning: https://www.worldometers.info/coronavirus/, line 21447: unreachable code after return statement
JavaScript warning: https://www.worldometers.info/coronavirus/, line 21503: unreachable code after return statement
1597020686352	mozrunner::runner	INFO	Running command: "/Applications/Firefox.app/Contents/MacOS/firefox-bin" "-marionette" "-foreground" "-no-remote" "-profile" "/var/folders/3q/5srft3z90z19tq3qbt3qtqv80000gn/T/rust_mozprofileuUjEXV"
1597020690079	Marionette	INFO	Listening on port 54855
1597020690136	Marionette	WARN	TLS certificate errors will be ignored for this session
1597020692023	Marionette	INFO	Stopped listening on port 54262
JavaScript warning: https://www.worldometers.info/coronavirus/, line 21446: unreachable code after return statement
JavaScript warning: https://www.worldometers.info/coronavirus/, line 21502: unreachable code after return statement
1597020698663	Marionette	INFO	Stopped listening on port 54555
1597020710377	mozrunner::runner	INFO	Running command: "/Applications/Firefox.app/Contents/MacOS/firefox-bin" "-marionette" "-foreground" "-no-remote" "-profile" "/var/folders/3q/5srft3z90z19tq3qbt3qtqv80000gn/T/rust_mozprofile7xCK1X"
1597020713837	Marionette	INFO	Listening on port 55132
1597020713917	Marionette	WARN	TLS certificate errors will be ignored for this session
1597020715189	Marionette	INFO	Stopped listening on port 54855
JavaScript warning: https://www.worldometers.info/coronavirus/, line 21446: unreachable code after return statement
JavaScript warning: https://www.worldometers.info/coronavirus/, line 21502: unreachable code after return statement
1597020775810	mozrunner::runner	INFO	Running command: "/Applications/Firefox.app/Contents/MacOS/firefox-bin" "-marionette" "-foreground" "-no-remote" "-profile" "/var/folders/3q/5srft3z90z19tq3qbt3qtqv80000gn/T/rust_mozprofilej68rdY"
1597020778845	Marionette	INFO	Listening on port 55564
1597020778882	Marionette	WARN	TLS certificate errors will be ignored for this session
JavaScript warning: https://www.worldometers.info/coronavirus/, line 21448: unreachable code after return statement
JavaScript warning: https://www.worldometers.info/coronavirus/, line 21504: unreachable code after return statement
1597020782486	Marionette	INFO	Stopped listening on port 55132
1597021065203	mozrunner::runner	INFO	Running command: "/Applications/Firefox.app/Contents/MacOS/firefox-bin" "-marionette" "-foreground" "-no-remote" "-profile" "/var/folders/3q/5srft3z90z19tq3qbt3qtqv80000gn/T/rust_mozprofileI2aElI"
1597021067868	Marionette	INFO	Listening on port 56906
1597021067968	Marionette	WARN	TLS certificate errors will be ignored for this session
JavaScript warning: https://www.worldometers.info/coronavirus/, line 21407: unreachable code after return statement
JavaScript warning: https://www.worldometers.info/coronavirus/, line 21463: unreachable code after return statement
1597021111629	mozrunner::runner	INFO	Running command: "/Applications/Firefox.app/Contents/MacOS/firefox-bin" "-marionette" "-foreground" "-no-remote" "-profile" "/var/folders/3q/5srft3z90z19tq3qbt3qtqv80000gn/T/rust_mozprofileams1O4"
1597021114653	Marionette	INFO	Listening on port 57279
1597021114701	Marionette	WARN	TLS certificate errors will be ignored for this session
JavaScript warning: https://www.worldometers.info/coronavirus/, line 21448: unreachable code after return statement
JavaScript warning: https://www.worldometers.info/coronavirus/, line 21504: unreachable code after return statement
1597021240785	mozrunner::runner	INFO	Running command: "/Applications/Firefox.app/Contents/MacOS/firefox-bin" "-marionette" "-foreground" "-no-remote" "-profile" "/var/folders/3q/5srft3z90z19tq3qbt3qtqv80000gn/T/rust_mozprofileEVSM14"
1597021243691	Marionette	INFO	Listening on port 57987
1597021243807	Marionette	WARN	TLS certificate errors will be ignored for this session
1597021244914	Marionette	INFO	Stopped listening on port 55564
JavaScript warning: https://www.worldometers.info/coronavirus/, line 21447: unreachable code after return statement
JavaScript warning: https://www.worldometers.info/coronavirus/, line 21503: unreachable code after return statement
1597021248122	Marionette	INFO	Stopped listening on port 56906
1597021254745	Marionette	INFO	Stopped listening on port 57279
1597021262290	Marionette	INFO	Stopped listening on port 57987
1597021613983	mozrunner::runner	INFO	Running command: "/Applications/Firefox.app/Contents/MacOS/firefox-bin" "-marionette" "-foreground" "-no-remote" "-profile" "/var/folders/3q/5srft3z90z19tq3qbt3qtqv80000gn/T/rust_mozprofileV77xxN"
1597021616767	Marionette	INFO	Listening on port 59684
1597021616853	Marionette	WARN	TLS certificate errors will be ignored for this session
JavaScript warning: https://www.worldometers.info/coronavirus/, line 21451: unreachable code after return statement
JavaScript warning: https://www.worldometers.info/coronavirus/, line 21507: unreachable code after return statement
1597021644522	mozrunner::runner	INFO	Running command: "/Applications/Firefox.app/Contents/MacOS/firefox-bin" "-marionette" "-foreground" "-no-remote" "-profile" "/var/folders/3q/5srft3z90z19tq3qbt3qtqv80000gn/T/rust_mozprofileeCR51q"
1597021647518	Marionette	INFO	Listening on port 59941
1597021647597	Marionette	WARN	TLS certificate errors will be ignored for this session
JavaScript warning: https://www.worldometers.info/coronavirus/, line 21406: unreachable code after return statement
JavaScript warning: https://www.worldometers.info/coronavirus/, line 21462: unreachable code after return statement
1597022396171	mozrunner::runner	INFO	Running command: "/Applications/Firefox.app/Contents/MacOS/firefox-bin" "-marionette" "-foreground" "-no-remote" "-profile" "/var/folders/3q/5srft3z90z19tq3qbt3qtqv80000gn/T/rust_mozprofilehHxxCa"
1597022399664	Marionette	INFO	Listening on port 63158
1597022399780	Marionette	WARN	TLS certificate errors will be ignored for this session
JavaScript warning: https://www.worldometers.info/coronavirus/, line 21465: unreachable code after return statement
JavaScript warning: https://www.worldometers.info/coronavirus/, line 21521: unreachable code after return statement
1597022479625	mozrunner::runner	INFO	Running command: "/Applications/Firefox.app/Contents/MacOS/firefox-bin" "-marionette" "-foreground" "-no-remote" "-profile" "/var/folders/3q/5srft3z90z19tq3qbt3qtqv80000gn/T/rust_mozprofileCRVpRe"
1597022482396	Marionette	INFO	Listening on port 63686
1597022482483	Marionette	WARN	TLS certificate errors will be ignored for this session
JavaScript warning: https://www.worldometers.info/coronavirus/, line 21465: unreachable code after return statement
JavaScript warning: https://www.worldometers.info/coronavirus/, line 21521: unreachable code after return statement
1597023048151	mozrunner::runner	INFO	Running command: "/Applications/Firefox.app/Contents/MacOS/firefox-bin" "-marionette" "-foreground" "-no-remote" "-profile" "/var/folders/3q/5srft3z90z19tq3qbt3qtqv80000gn/T/rust_mozprofileAPxzzz"
1597023050950	Marionette	INFO	Listening on port 49789
1597023051006	Marionette	WARN	TLS certificate errors will be ignored for this session
JavaScript warning: https://www.worldometers.info/coronavirus/, line 21470: unreachable code after return statement
JavaScript warning: https://www.worldometers.info/coronavirus/, line 21526: unreachable code after return statement
1597023068991	Marionette	INFO	Stopped listening on port 59684
1597023148422	mozrunner::runner	INFO	Running command: "/Applications/Firefox.app/Contents/MacOS/firefox-bin" "-marionette" "-foreground" "-no-remote" "-profile" "/var/folders/3q/5srft3z90z19tq3qbt3qtqv80000gn/T/rust_mozprofileRr3yk0"
1597023151593	Marionette	INFO	Listening on port 50333
1597023151619	Marionette	WARN	TLS certificate errors will be ignored for this session
1597023153949	Marionette	INFO	Stopped listening on port 59941
JavaScript warning: https://www.worldometers.info/coronavirus/, line 21470: unreachable code after return statement
JavaScript warning: https://www.worldometers.info/coronavirus/, line 21526: unreachable code after return statement
1597023157404	Marionette	INFO	Stopped listening on port 63158
1597023161191	Marionette	INFO	Stopped listening on port 63686
1597023167727	Marionette	INFO	Stopped listening on port 49789
1597023827688	mozrunner::runner	INFO	Running command: "/Applications/Firefox.app/Contents/MacOS/firefox-bin" "-marionette" "-foreground" "-no-remote" "-profile" "/var/folders/3q/5srft3z90z19tq3qbt3qtqv80000gn/T/rust_mozprofile7pbnLf"
1597023830275	Marionette	INFO	Listening on port 53309
1597023830356	Marionette	WARN	TLS certificate errors will be ignored for this session
JavaScript warning: https://www.worldometers.info/coronavirus/, line 21432: unreachable code after return statement
JavaScript warning: https://www.worldometers.info/coronavirus/, line 21488: unreachable code after return statement
1597024810543	mozrunner::runner	INFO	Running command: "/Applications/Firefox.app/Contents/MacOS/firefox-bin" "-marionette" "-foreground" "-no-remote" "-profile" "/var/folders/3q/5srft3z90z19tq3qbt3qtqv80000gn/T/rust_mozprofileBimorH"
1597024813317	Marionette	INFO	Listening on port 57453
1597024813400	Marionette	WARN	TLS certificate errors will be ignored for this session
JavaScript warning: https://www.worldometers.info/coronavirus/, line 21473: unreachable code after return statement
JavaScript warning: https://www.worldometers.info/coronavirus/, line 21529: unreachable code after return statement
JavaScript error: https://tpc.googlesyndication.com/pagead/js/r20200805/r20110914/client/qs_click_protection_fy2019.js, line 11: NS_ERROR_NOT_INITIALIZED: 
JavaScript error: https://tpc.googlesyndication.com/pagead/js/r20200805/r20110914/client/qs_click_protection_fy2019.js, line 11: NS_ERROR_NOT_INITIALIZED: 
JavaScript warning: https://www.worldometers.info/coronavirus/, line 21505: unreachable code after return statement
JavaScript warning: https://www.worldometers.info/coronavirus/, line 21561: unreachable code after return statement
1597028760505	Marionette	INFO	Stopped listening on port 59731
1597028768932	Marionette	INFO	Stopped listening on port 50333
1597028773080	Marionette	INFO	Stopped listening on port 53309
1597028777467	Marionette	INFO	Stopped listening on port 57453
1597459259668	mozrunner::runner	INFO	Running command: "/Applications/Firefox.app/Contents/MacOS/firefox-bin" "-marionette" "-foreground" "-no-remote" "-profile" "/var/folders/3q/5srft3z90z19tq3qbt3qtqv80000gn/T/rust_mozprofileTEVM22"
console.error: SearchCache: "_readCacheFile: Error reading cache file:" (new Error("", "(unknown module)"))
1597459262311	Marionette	INFO	Listening on port 58546
1597459262341	Marionette	WARN	TLS certificate errors will be ignored for this session
1597459330181	mozrunner::runner	INFO	Running command: "/Applications/Firefox.app/Contents/MacOS/firefox-bin" "-marionette" "-foreground" "-no-remote" "-profile" "/var/folders/3q/5srft3z90z19tq3qbt3qtqv80000gn/T/rust_mozprofile7cVQfz"
console.error: SearchCache: "_readCacheFile: Error reading cache file:" (new Error("", "(unknown module)"))
1597459332761	Marionette	INFO	Listening on port 58672
1597459332843	Marionette	WARN	TLS certificate errors will be ignored for this session

###!!! [Child][RunMessage] Error: Channel closing: too late to send/recv, messages will be lost

1597459339420	Marionette	INFO	Stopped listening on port 58546
1597459636763	mozrunner::runner	INFO	Running command: "/Applications/Firefox.app/Contents/MacOS/firefox-bin" "-marionette" "-foreground" "-no-remote" "-profile" "/var/folders/3q/5srft3z90z19tq3qbt3qtqv80000gn/T/rust_mozprofileiK0VZa"
console.error: SearchCache: "_readCacheFile: Error reading cache file:" (new Error("", "(unknown module)"))
1597459639417	Marionette	INFO	Listening on port 59131
1597459639446	Marionette	WARN	TLS certificate errors will be ignored for this session
1597525573225	mozrunner::runner	INFO	Running command: "/Applications/Firefox.app/Contents/MacOS/firefox-bin" "-marionette" "-foreground" "-no-remote" "-profile" "/var/folders/3q/5srft3z90z19tq3qbt3qtqv80000gn/T/rust_mozprofileWgieng"
console.error: SearchCache: "_readCacheFile: Error reading cache file:" (new Error("", "(unknown module)"))
1597525576010	Marionette	INFO	Listening on port 60279
1597525576087	Marionette	WARN	TLS certificate errors will be ignored for this session
JavaScript error: , line 0: AbortError: The operation was aborted. 
JavaScript error: https://www.idefix.com/Kitap/Matematiksel-Imha-Silahlari/Cathy-ONeil/Bilim/Matematik/urunno=0001877583001, line 1655: SyntaxError: missing } after property list
JavaScript note: https://www.idefix.com/Kitap/Matematiksel-Imha-Silahlari/Cathy-ONeil/Bilim/Matematik/urunno=0001877583001, line 1646: { opened at line 1646, column 34
JavaScript error: https://www.idefix.com/Kitap/Matematiksel-Imha-Silahlari/Cathy-ONeil/Bilim/Matematik/urunno=0001877583001, line 1914: SyntaxError: missing } after property list
JavaScript note: https://www.idefix.com/Kitap/Matematiksel-Imha-Silahlari/Cathy-ONeil/Bilim/Matematik/urunno=0001877583001, line 1909: { opened at line 1909, column 32
IPDL protocol error: Handler returned error code!

###!!! [Parent][DispatchAsyncMessage] Error: PMessagePort::Msg_PostMessages Processing error: message was deserialized, but the handler returned false (indicating failure)

JavaScript error: https://assets.api.useinsider.com/js/third-party/jquery-ui.js, line 1: TypeError: b is null
JavaScript error: https://idefix.api.useinsider.com/api/info/frame?id=2790&version=1597524578, line 204: TypeError: document.body is null
JavaScript error: https://assets.api.useinsider.com/js/third-party/jquery-ui.js, line 1: TypeError: b is null
JavaScript error: https://www.idefix.com/Kitap/Makine-Olmak/Mark-OConnell/Bilim/Populer-Bilim/urunno=0001789144001, line 1640: SyntaxError: missing } after property list
JavaScript note: https://www.idefix.com/Kitap/Makine-Olmak/Mark-OConnell/Bilim/Populer-Bilim/urunno=0001789144001, line 1631: { opened at line 1631, column 34
JavaScript error: https://www.idefix.com/Kitap/Makine-Olmak/Mark-OConnell/Bilim/Populer-Bilim/urunno=0001789144001, line 1899: SyntaxError: missing } after property list
JavaScript note: https://www.idefix.com/Kitap/Makine-Olmak/Mark-OConnell/Bilim/Populer-Bilim/urunno=0001789144001, line 1894: { opened at line 1894, column 32
JavaScript error: https://www.idefix.com/Kitap/Maddenin-Son-Yapitaslari/Bilim/Populer-Bilim/urunno=0001856979001, line 1651: SyntaxError: missing } after property list
JavaScript note: https://www.idefix.com/Kitap/Maddenin-Son-Yapitaslari/Bilim/Populer-Bilim/urunno=0001856979001, line 1642: { opened at line 1642, column 34
JavaScript error: https://www.idefix.com/Kitap/Maddenin-Son-Yapitaslari/Bilim/Populer-Bilim/urunno=0001856979001, line 1910: SyntaxError: missing } after property list
JavaScript note: https://www.idefix.com/Kitap/Maddenin-Son-Yapitaslari/Bilim/Populer-Bilim/urunno=0001856979001, line 1905: { opened at line 1905, column 32
JavaScript error: https://www.idefix.com/Kitap/Poincare-Sanisi-Geometri-Topoloji-ve-Evrenin-Sekli/Donal-OShea/Bilim/Matematik/urunno=0001789088001, line 1631: SyntaxError: missing } after property list
JavaScript note: https://www.idefix.com/Kitap/Poincare-Sanisi-Geometri-Topoloji-ve-Evrenin-Sekli/Donal-OShea/Bilim/Matematik/urunno=0001789088001, line 1622: { opened at line 1622, column 34
JavaScript error: https://www.idefix.com/Kitap/Poincare-Sanisi-Geometri-Topoloji-ve-Evrenin-Sekli/Donal-OShea/Bilim/Matematik/urunno=0001789088001, line 1890: SyntaxError: missing } after property list
JavaScript note: https://www.idefix.com/Kitap/Poincare-Sanisi-Geometri-Topoloji-ve-Evrenin-Sekli/Donal-OShea/Bilim/Matematik/urunno=0001789088001, line 1885: { opened at line 1885, column 32
JavaScript error: https://www.idefix.com/Kitap/Ileri-Muhendislik-Matematigi/Bilim/Matematik/urunno=0000000569549, line 1628: SyntaxError: missing } after property list
JavaScript note: https://www.idefix.com/Kitap/Ileri-Muhendislik-Matematigi/Bilim/Matematik/urunno=0000000569549, line 1619: { opened at line 1619, column 34
JavaScript error: https://www.idefix.com/Kitap/Ileri-Muhendislik-Matematigi/Bilim/Matematik/urunno=0000000569549, line 1887: SyntaxError: missing } after property list
JavaScript note: https://www.idefix.com/Kitap/Ileri-Muhendislik-Matematigi/Bilim/Matematik/urunno=0000000569549, line 1882: { opened at line 1882, column 32
1597529388425	Marionette	INFO	Stopped listening on port 58672
1597529391478	Marionette	INFO	Stopped listening on port 59131
JavaScript error: https://assets.api.useinsider.com/js/third-party/jquery-ui.js, line 1: TypeError: b is null
JavaScript error: , line 0: AbortError: The operation was aborted. 
JavaScript error: https://platform.twitter.com/widgets/widget_iframe.3c5aa8e2a38bbbee4b6d88e6846fc657.html?origin=https%3A%2F%2Fwww.idefix.com, line 12: Error: Network error.
IPDL protocol error: Handler returned error code!

###!!! [Parent][DispatchAsyncMessage] Error: PMessagePort::Msg_PostMessages Processing error: message was deserialized, but the handler returned false (indicating failure)

JavaScript error: https://assets.api.useinsider.com/js/third-party/jquery-ui.js, line 1: TypeError: b is null
JavaScript error: , line 0: AbortError: The operation was aborted. 
IPDL protocol error: Handler returned error code!

###!!! [Parent][DispatchAsyncMessage] Error: PMessagePort::Msg_PostMessages Processing error: message was deserialized, but the handler returned false (indicating failure)

IPDL protocol error: Handler returned error code!

###!!! [Parent][DispatchAsyncMessage] Error: PMessagePort::Msg_PostMessages Processing error: message was deserialized, but the handler returned false (indicating failure)

IPDL protocol error: Handler returned error code!

###!!! [Parent][DispatchAsyncMessage] Error: PMessagePort::Msg_PostMessages Processing error: message was deserialized, but the handler returned false (indicating failure)

IPDL protocol error: Handler returned error code!

###!!! [Parent][DispatchAsyncMessage] Error: PMessagePort::Msg_PostMessages Processing error: message was deserialized, but the handler returned false (indicating failure)

JavaScript error: https://assets.api.useinsider.com/js/third-party/jquery-ui.js, line 1: TypeError: b is null
JavaScript error: https://idefix.api.useinsider.com/api/info/frame?id=2790&version=1597528176, line 204: TypeError: document.body is null
JavaScript error: https://assets.api.useinsider.com/js/third-party/jquery-ui.js, line 1: TypeError: b is null
IPDL protocol error: Handler returned error code!

###!!! [Parent][DispatchAsyncMessage] Error: PMessagePort::Msg_PostMessages Processing error: message was deserialized, but the handler returned false (indicating failure)

IPDL protocol error: Handler returned error code!

###!!! [Parent][DispatchAsyncMessage] Error: PMessagePort::Msg_PostMessages Processing error: message was deserialized, but the handler returned false (indicating failure)

IPDL protocol error: Handler returned error code!

###!!! [Parent][DispatchAsyncMessage] Error: PMessagePort::Msg_PostMessages Processing error: message was deserialized, but the handler returned false (indicating failure)

JavaScript error: https://assets.api.useinsider.com/js/third-party/jquery-ui.js, line 1: TypeError: b is null
JavaScript error: https://idefix.api.useinsider.com/api/info/frame?id=2790&version=1597528176, line 204: TypeError: document.body is null
IPDL protocol error: Handler returned error code!

###!!! [Parent][DispatchAsyncMessage] Error: PMessagePort::Msg_PostMessages Processing error: message was deserialized, but the handler returned false (indicating failure)

JavaScript error: https://assets.api.useinsider.com/js/third-party/jquery-ui.js, line 1: TypeError: b is null
IPDL protocol error: Handler returned error code!

###!!! [Parent][DispatchAsyncMessage] Error: PMessagePort::Msg_PostMessages Processing error: message was deserialized, but the handler returned false (indicating failure)

IPDL protocol error: Handler returned error code!

###!!! [Parent][DispatchAsyncMessage] Error: PMessagePort::Msg_PostMessages Processing error: message was deserialized, but the handler returned false (indicating failure)

JavaScript error: https://assets.api.useinsider.com/js/third-party/jquery-ui.js, line 1: TypeError: b is null
IPDL protocol error: Handler returned error code!

###!!! [Parent][DispatchAsyncMessage] Error: PMessagePort::Msg_PostMessages Processing error: message was deserialized, but the handler returned false (indicating failure)

JavaScript error: https://assets.api.useinsider.com/js/third-party/jquery-ui.js, line 1: TypeError: b is null
JavaScript error: https://assets.api.useinsider.com/js/third-party/jquery-ui.js, line 1: TypeError: b is null
JavaScript error: https://idefix.api.useinsider.com/api/info/frame?id=2790&version=1597528176, line 204: TypeError: document.body is null
JavaScript error: https://assets.api.useinsider.com/js/third-party/jquery-ui.js, line 1: TypeError: b is null
JavaScript error: https://assets.api.useinsider.com/js/third-party/jquery-ui.js, line 1: TypeError: b is null
IPDL protocol error: Handler returned error code!

###!!! [Parent][DispatchAsyncMessage] Error: PMessagePort::Msg_PostMessages Processing error: message was deserialized, but the handler returned false (indicating failure)

IPDL protocol error: Handler returned error code!

###!!! [Parent][DispatchAsyncMessage] Error: PMessagePort::Msg_PostMessages Processing error: message was deserialized, but the handler returned false (indicating failure)

IPDL protocol error: Handler returned error code!

###!!! [Parent][DispatchAsyncMessage] Error: PMessagePort::Msg_PostMessages Processing error: message was deserialized, but the handler returned false (indicating failure)

IPDL protocol error: Handler returned error code!

###!!! [Parent][DispatchAsyncMessage] Error: PMessagePort::Msg_PostMessages Processing error: message was deserialized, but the handler returned false (indicating failure)

IPDL protocol error: Handler returned error code!

###!!! [Parent][DispatchAsyncMessage] Error: PMessagePort::Msg_PostMessages Processing error: message was deserialized, but the handler returned false (indicating failure)

IPDL protocol error: Handler returned error code!

###!!! [Parent][DispatchAsyncMessage] Error: PMessagePort::Msg_PostMessages Processing error: message was deserialized, but the handler returned false (indicating failure)

IPDL protocol error: Handler returned error code!

###!!! [Parent][DispatchAsyncMessage] Error: PMessagePort::Msg_PostMessages Processing error: message was deserialized, but the handler returned false (indicating failure)

IPDL protocol error: Handler returned error code!

###!!! [Parent][DispatchAsyncMessage] Error: PMessagePort::Msg_PostMessages Processing error: message was deserialized, but the handler returned false (indicating failure)

IPDL protocol error: Handler returned error code!

###!!! [Parent][DispatchAsyncMessage] Error: PMessagePort::Msg_PostMessages Processing error: message was deserialized, but the handler returned false (indicating failure)

JavaScript error: https://platform.twitter.com/widgets/widget_iframe.3c5aa8e2a38bbbee4b6d88e6846fc657.html?origin=https%3A%2F%2Fwww.idefix.com, line 12: Error: Network error.
IPDL protocol error: Handler returned error code!

###!!! [Parent][DispatchAsyncMessage] Error: PMessagePort::Msg_PostMessages Processing error: message was deserialized, but the handler returned false (indicating failure)

IPDL protocol error: Handler returned error code!

###!!! [Parent][DispatchAsyncMessage] Error: PMessagePort::Msg_PostMessages Processing error: message was deserialized, but the handler returned false (indicating failure)

JavaScript error: https://platform.twitter.com/widgets/widget_iframe.3c5aa8e2a38bbbee4b6d88e6846fc657.html?origin=https%3A%2F%2Fwww.idefix.com, line 12: Error: Network error.
IPDL protocol error: Handler returned error code!

###!!! [Parent][DispatchAsyncMessage] Error: PMessagePort::Msg_PostMessages Processing error: message was deserialized, but the handler returned false (indicating failure)

JavaScript error: https://assets.api.useinsider.com/js/third-party/jquery-ui.js, line 1: TypeError: b is null
JavaScript error: https://assets.api.useinsider.com/js/third-party/jquery-ui.js, line 1: TypeError: b is null
JavaScript error: https://idefix.api.useinsider.com/api/info/frame?id=2790&version=1597528176, line 204: TypeError: document.body is null
IPDL protocol error: Handler returned error code!

###!!! [Parent][DispatchAsyncMessage] Error: PMessagePort::Msg_PostMessages Processing error: message was deserialized, but the handler returned false (indicating failure)

JavaScript error: https://assets.api.useinsider.com/js/third-party/jquery-ui.js, line 1: TypeError: b is null
JavaScript error: https://assets.api.useinsider.com/js/third-party/jquery-ui.js, line 1: TypeError: b is null
IPDL protocol error: Handler returned error code!

###!!! [Parent][DispatchAsyncMessage] Error: PMessagePort::Msg_PostMessages Processing error: message was deserialized, but the handler returned false (indicating failure)

IPDL protocol error: Handler returned error code!

###!!! [Parent][DispatchAsyncMessage] Error: PMessagePort::Msg_PostMessages Processing error: message was deserialized, but the handler returned false (indicating failure)

IPDL protocol error: Handler returned error code!

###!!! [Parent][DispatchAsyncMessage] Error: PMessagePort::Msg_PostMessages Processing error: message was deserialized, but the handler returned false (indicating failure)

IPDL protocol error: Handler returned error code!

###!!! [Parent][DispatchAsyncMessage] Error: PMessagePort::Msg_PostMessages Processing error: message was deserialized, but the handler returned false (indicating failure)

IPDL protocol error: Handler returned error code!

###!!! [Parent][DispatchAsyncMessage] Error: PMessagePort::Msg_PostMessages Processing error: message was deserialized, but the handler returned false (indicating failure)

IPDL protocol error: Handler returned error code!

###!!! [Parent][DispatchAsyncMessage] Error: PMessagePort::Msg_PostMessages Processing error: message was deserialized, but the handler returned false (indicating failure)

IPDL protocol error: Handler returned error code!

###!!! [Parent][DispatchAsyncMessage] Error: PMessagePort::Msg_PostMessages Processing error: message was deserialized, but the handler returned false (indicating failure)

IPDL protocol error: Handler returned error code!

###!!! [Parent][DispatchAsyncMessage] Error: PMessagePort::Msg_PostMessages Processing error: message was deserialized, but the handler returned false (indicating failure)

IPDL protocol error: Handler returned error code!

###!!! [Parent][DispatchAsyncMessage] Error: PMessagePort::Msg_PostMessages Processing error: message was deserialized, but the handler returned false (indicating failure)

IPDL protocol error: Handler returned error code!

###!!! [Parent][DispatchAsyncMessage] Error: PMessagePort::Msg_PostMessages Processing error: message was deserialized, but the handler returned false (indicating failure)

IPDL protocol error: Handler returned error code!

###!!! [Parent][DispatchAsyncMessage] Error: PMessagePort::Msg_PostMessages Processing error: message was deserialized, but the handler returned false (indicating failure)

IPDL protocol error: Handler returned error code!

###!!! [Parent][DispatchAsyncMessage] Error: PMessagePort::Msg_PostMessages Processing error: message was deserialized, but the handler returned false (indicating failure)

IPDL protocol error: Handler returned error code!

###!!! [Parent][DispatchAsyncMessage] Error: PMessagePort::Msg_PostMessages Processing error: message was deserialized, but the handler returned false (indicating failure)

IPDL protocol error: Handler returned error code!

###!!! [Parent][DispatchAsyncMessage] Error: PMessagePort::Msg_PostMessages Processing error: message was deserialized, but the handler returned false (indicating failure)

IPDL protocol error: Handler returned error code!

###!!! [Parent][DispatchAsyncMessage] Error: PMessagePort::Msg_PostMessages Processing error: message was deserialized, but the handler returned false (indicating failure)

IPDL protocol error: Handler returned error code!

###!!! [Parent][DispatchAsyncMessage] Error: PMessagePort::Msg_PostMessages Processing error: message was deserialized, but the handler returned false (indicating failure)

IPDL protocol error: Handler returned error code!

###!!! [Parent][DispatchAsyncMessage] Error: PMessagePort::Msg_PostMessages Processing error: message was deserialized, but the handler returned false (indicating failure)

IPDL protocol error: Handler returned error code!

###!!! [Parent][DispatchAsyncMessage] Error: PMessagePort::Msg_PostMessages Processing error: message was deserialized, but the handler returned false (indicating failure)

IPDL protocol error: Handler returned error code!

###!!! [Parent][DispatchAsyncMessage] Error: PMessagePort::Msg_PostMessages Processing error: message was deserialized, but the handler returned false (indicating failure)

IPDL protocol error: Handler returned error code!

###!!! [Parent][DispatchAsyncMessage] Error: PMessagePort::Msg_PostMessages Processing error: message was deserialized, but the handler returned false (indicating failure)

IPDL protocol error: Handler returned error code!

###!!! [Parent][DispatchAsyncMessage] Error: PMessagePort::Msg_PostMessages Processing error: message was deserialized, but the handler returned false (indicating failure)

IPDL protocol error: Handler returned error code!

###!!! [Parent][DispatchAsyncMessage] Error: PMessagePort::Msg_PostMessages Processing error: message was deserialized, but the handler returned false (indicating failure)

IPDL protocol error: Handler returned error code!

###!!! [Parent][DispatchAsyncMessage] Error: PMessagePort::Msg_PostMessages Processing error: message was deserialized, but the handler returned false (indicating failure)

IPDL protocol error: Handler returned error code!

###!!! [Parent][DispatchAsyncMessage] Error: PMessagePort::Msg_PostMessages Processing error: message was deserialized, but the handler returned false (indicating failure)

IPDL protocol error: Handler returned error code!

###!!! [Parent][DispatchAsyncMessage] Error: PMessagePort::Msg_PostMessages Processing error: message was deserialized, but the handler returned false (indicating failure)

IPDL protocol error: Handler returned error code!

###!!! [Parent][DispatchAsyncMessage] Error: PMessagePort::Msg_PostMessages Processing error: message was deserialized, but the handler returned false (indicating failure)

IPDL protocol error: Handler returned error code!

###!!! [Parent][DispatchAsyncMessage] Error: PMessagePort::Msg_PostMessages Processing error: message was deserialized, but the handler returned false (indicating failure)

IPDL protocol error: Handler returned error code!

###!!! [Parent][DispatchAsyncMessage] Error: PMessagePort::Msg_PostMessages Processing error: message was deserialized, but the handler returned false (indicating failure)

IPDL protocol error: Handler returned error code!

###!!! [Parent][DispatchAsyncMessage] Error: PMessagePort::Msg_PostMessages Processing error: message was deserialized, but the handler returned false (indicating failure)

IPDL protocol error: Handler returned error code!

###!!! [Parent][DispatchAsyncMessage] Error: PMessagePort::Msg_PostMessages Processing error: message was deserialized, but the handler returned false (indicating failure)

IPDL protocol error: Handler returned error code!

###!!! [Parent][DispatchAsyncMessage] Error: PMessagePort::Msg_PostMessages Processing error: message was deserialized, but the handler returned false (indicating failure)

IPDL protocol error: Handler returned error code!

###!!! [Parent][DispatchAsyncMessage] Error: PMessagePort::Msg_PostMessages Processing error: message was deserialized, but the handler returned false (indicating failure)

IPDL protocol error: Handler returned error code!

###!!! [Parent][DispatchAsyncMessage] Error: PMessagePort::Msg_PostMessages Processing error: message was deserialized, but the handler returned false (indicating failure)

IPDL protocol error: Handler returned error code!

###!!! [Parent][DispatchAsyncMessage] Error: PMessagePort::Msg_PostMessages Processing error: message was deserialized, but the handler returned false (indicating failure)

IPDL protocol error: Handler returned error code!

###!!! [Parent][DispatchAsyncMessage] Error: PMessagePort::Msg_PostMessages Processing error: message was deserialized, but the handler returned false (indicating failure)

IPDL protocol error: Handler returned error code!

###!!! [Parent][DispatchAsyncMessage] Error: PMessagePort::Msg_PostMessages Processing error: message was deserialized, but the handler returned false (indicating failure)

IPDL protocol error: Handler returned error code!

###!!! [Parent][DispatchAsyncMessage] Error: PMessagePort::Msg_PostMessages Processing error: message was deserialized, but the handler returned false (indicating failure)

IPDL protocol error: Handler returned error code!

###!!! [Parent][DispatchAsyncMessage] Error: PMessagePort::Msg_PostMessages Processing error: message was deserialized, but the handler returned false (indicating failure)

IPDL protocol error: Handler returned error code!

###!!! [Parent][DispatchAsyncMessage] Error: PMessagePort::Msg_PostMessages Processing error: message was deserialized, but the handler returned false (indicating failure)

IPDL protocol error: Handler returned error code!

###!!! [Parent][DispatchAsyncMessage] Error: PMessagePort::Msg_PostMessages Processing error: message was deserialized, but the handler returned false (indicating failure)

IPDL protocol error: Handler returned error code!

###!!! [Parent][DispatchAsyncMessage] Error: PMessagePort::Msg_PostMessages Processing error: message was deserialized, but the handler returned false (indicating failure)

IPDL protocol error: Handler returned error code!

###!!! [Parent][DispatchAsyncMessage] Error: PMessagePort::Msg_PostMessages Processing error: message was deserialized, but the handler returned false (indicating failure)

IPDL protocol error: Handler returned error code!

###!!! [Parent][DispatchAsyncMessage] Error: PMessagePort::Msg_PostMessages Processing error: message was deserialized, but the handler returned false (indicating failure)

IPDL protocol error: Handler returned error code!

###!!! [Parent][DispatchAsyncMessage] Error: PMessagePort::Msg_PostMessages Processing error: message was deserialized, but the handler returned false (indicating failure)

IPDL protocol error: Handler returned error code!

###!!! [Parent][DispatchAsyncMessage] Error: PMessagePort::Msg_PostMessages Processing error: message was deserialized, but the handler returned false (indicating failure)

JavaScript error: https://assets.api.useinsider.com/js/third-party/jquery-ui.js, line 1: TypeError: b is null
IPDL protocol error: Handler returned error code!

###!!! [Parent][DispatchAsyncMessage] Error: PMessagePort::Msg_PostMessages Processing error: message was deserialized, but the handler returned false (indicating failure)

JavaScript error: https://assets.api.useinsider.com/js/third-party/jquery-ui.js, line 1: TypeError: b is null
JavaScript error: https://assets.api.useinsider.com/js/third-party/jquery-ui.js, line 1: TypeError: b is null
JavaScript error: https://assets.api.useinsider.com/js/third-party/jquery.js, line 1: NS_ERROR_NOT_INITIALIZED: 
IPDL protocol error: Handler returned error code!

###!!! [Parent][DispatchAsyncMessage] Error: PMessagePort::Msg_PostMessages Processing error: message was deserialized, but the handler returned false (indicating failure)

IPDL protocol error: Handler returned error code!

###!!! [Parent][DispatchAsyncMessage] Error: PMessagePort::Msg_PostMessages Processing error: message was deserialized, but the handler returned false (indicating failure)

JavaScript error: https://assets.api.useinsider.com/js/third-party/jquery-ui.js, line 1: TypeError: b is null
JavaScript error: https://idefix.api.useinsider.com/api/info/frame?id=2790&version=1597528176, line 204: TypeError: document.body is null
IPDL protocol error: Handler returned error code!

###!!! [Parent][DispatchAsyncMessage] Error: PMessagePort::Msg_PostMessages Processing error: message was deserialized, but the handler returned false (indicating failure)

IPDL protocol error: Handler returned error code!

###!!! [Parent][DispatchAsyncMessage] Error: PMessagePort::Msg_PostMessages Processing error: message was deserialized, but the handler returned false (indicating failure)

IPDL protocol error: Handler returned error code!

###!!! [Parent][DispatchAsyncMessage] Error: PMessagePort::Msg_PostMessages Processing error: message was deserialized, but the handler returned false (indicating failure)

IPDL protocol error: Handler returned error code!

###!!! [Parent][DispatchAsyncMessage] Error: PMessagePort::Msg_PostMessages Processing error: message was deserialized, but the handler returned false (indicating failure)

JavaScript error: https://assets.api.useinsider.com/js/third-party/jquery-ui.js, line 1: TypeError: b is null
JavaScript error: https://idefix.api.useinsider.com/api/info/frame?id=2790&version=1597528176, line 204: TypeError: document.body is null
IPDL protocol error: Handler returned error code!

###!!! [Parent][DispatchAsyncMessage] Error: PMessagePort::Msg_PostMessages Processing error: message was deserialized, but the handler returned false (indicating failure)

IPDL protocol error: Handler returned error code!

###!!! [Parent][DispatchAsyncMessage] Error: PMessagePort::Msg_PostMessages Processing error: message was deserialized, but the handler returned false (indicating failure)

IPDL protocol error: Handler returned error code!

###!!! [Parent][DispatchAsyncMessage] Error: PMessagePort::Msg_PostMessages Processing error: message was deserialized, but the handler returned false (indicating failure)

IPDL protocol error: Handler returned error code!

###!!! [Parent][DispatchAsyncMessage] Error: PMessagePort::Msg_PostMessages Processing error: message was deserialized, but the handler returned false (indicating failure)

IPDL protocol error: Handler returned error code!

###!!! [Parent][DispatchAsyncMessage] Error: PMessagePort::Msg_PostMessages Processing error: message was deserialized, but the handler returned false (indicating failure)

IPDL protocol error: Handler returned error code!

###!!! [Parent][DispatchAsyncMessage] Error: PMessagePort::Msg_PostMessages Processing error: message was deserialized, but the handler returned false (indicating failure)

IPDL protocol error: Handler returned error code!

###!!! [Parent][DispatchAsyncMessage] Error: PMessagePort::Msg_PostMessages Processing error: message was deserialized, but the handler returned false (indicating failure)

IPDL protocol error: Handler returned error code!

###!!! [Parent][DispatchAsyncMessage] Error: PMessagePort::Msg_PostMessages Processing error: message was deserialized, but the handler returned false (indicating failure)

IPDL protocol error: Handler returned error code!

###!!! [Parent][DispatchAsyncMessage] Error: PMessagePort::Msg_PostMessages Processing error: message was deserialized, but the handler returned false (indicating failure)

JavaScript error: https://assets.api.useinsider.com/js/third-party/jquery-ui.js, line 1: TypeError: b is null
IPDL protocol error: Handler returned error code!

###!!! [Parent][DispatchAsyncMessage] Error: PMessagePort::Msg_PostMessages Processing error: message was deserialized, but the handler returned false (indicating failure)

IPDL protocol error: Handler returned error code!

###!!! [Parent][DispatchAsyncMessage] Error: PMessagePort::Msg_PostMessages Processing error: message was deserialized, but the handler returned false (indicating failure)

JavaScript error: https://assets.api.useinsider.com/js/third-party/jquery-ui.js, line 1: TypeError: b is null
JavaScript error: https://idefix.api.useinsider.com/api/info/frame?id=2790&version=1597528176, line 204: TypeError: document.body is null
JavaScript error: https://assets.api.useinsider.com/js/third-party/jquery-ui.js, line 1: TypeError: b is null
JavaScript error: https://assets.api.useinsider.com/js/third-party/jquery-ui.js, line 1: TypeError: b is null
JavaScript error: https://assets.api.useinsider.com/js/third-party/jquery-ui.js, line 1: TypeError: b is null
IPDL protocol error: Handler returned error code!

###!!! [Parent][DispatchAsyncMessage] Error: PMessagePort::Msg_PostMessages Processing error: message was deserialized, but the handler returned false (indicating failure)

JavaScript error: https://assets.api.useinsider.com/js/third-party/jquery-ui.js, line 1: TypeError: b is null
JavaScript error: https://assets.api.useinsider.com/js/third-party/jquery-ui.js, line 1: TypeError: b is null
JavaScript error: https://idefix.api.useinsider.com/api/info/frame?id=2790&version=1597528176, line 204: TypeError: document.body is null
IPDL protocol error: Handler returned error code!

###!!! [Parent][DispatchAsyncMessage] Error: PMessagePort::Msg_PostMessages Processing error: message was deserialized, but the handler returned false (indicating failure)

IPDL protocol error: Handler returned error code!

###!!! [Parent][DispatchAsyncMessage] Error: PMessagePort::Msg_PostMessages Processing error: message was deserialized, but the handler returned false (indicating failure)

JavaScript error: https://assets.api.useinsider.com/js/third-party/jquery-ui.js, line 1: TypeError: b is null
JavaScript error: https://idefix.api.useinsider.com/api/info/frame?id=2790&version=1597528176, line 204: TypeError: document.body is null
IPDL protocol error: Handler returned error code!

###!!! [Parent][DispatchAsyncMessage] Error: PMessagePort::Msg_PostMessages Processing error: message was deserialized, but the handler returned false (indicating failure)

IPDL protocol error: Handler returned error code!

###!!! [Parent][DispatchAsyncMessage] Error: PMessagePort::Msg_PostMessages Processing error: message was deserialized, but the handler returned false (indicating failure)

IPDL protocol error: Handler returned error code!

###!!! [Parent][DispatchAsyncMessage] Error: PMessagePort::Msg_PostMessages Processing error: message was deserialized, but the handler returned false (indicating failure)

IPDL protocol error: Handler returned error code!

###!!! [Parent][DispatchAsyncMessage] Error: PMessagePort::Msg_PostMessages Processing error: message was deserialized, but the handler returned false (indicating failure)

IPDL protocol error: Handler returned error code!

###!!! [Parent][DispatchAsyncMessage] Error: PMessagePort::Msg_PostMessages Processing error: message was deserialized, but the handler returned false (indicating failure)

IPDL protocol error: Handler returned error code!

###!!! [Parent][DispatchAsyncMessage] Error: PMessagePort::Msg_PostMessages Processing error: message was deserialized, but the handler returned false (indicating failure)

IPDL protocol error: Handler returned error code!

###!!! [Parent][DispatchAsyncMessage] Error: PMessagePort::Msg_PostMessages Processing error: message was deserialized, but the handler returned false (indicating failure)

IPDL protocol error: Handler returned error code!

###!!! [Parent][DispatchAsyncMessage] Error: PMessagePort::Msg_PostMessages Processing error: message was deserialized, but the handler returned false (indicating failure)

IPDL protocol error: Handler returned error code!

###!!! [Parent][DispatchAsyncMessage] Error: PMessagePort::Msg_PostMessages Processing error: message was deserialized, but the handler returned false (indicating failure)

IPDL protocol error: Handler returned error code!

###!!! [Parent][DispatchAsyncMessage] Error: PMessagePort::Msg_PostMessages Processing error: message was deserialized, but the handler returned false (indicating failure)

IPDL protocol error: Handler returned error code!

###!!! [Parent][DispatchAsyncMessage] Error: PMessagePort::Msg_PostMessages Processing error: message was deserialized, but the handler returned false (indicating failure)

IPDL protocol error: Handler returned error code!

###!!! [Parent][DispatchAsyncMessage] Error: PMessagePort::Msg_PostMessages Processing error: message was deserialized, but the handler returned false (indicating failure)

JavaScript error: https://idefix.api.useinsider.com/api/info/frame?id=2790&version=1597528176, line 204: TypeError: document.body is null
JavaScript error: https://assets.api.useinsider.com/js/third-party/jquery-ui.js, line 1: TypeError: b is null
JavaScript error: https://assets.api.useinsider.com/js/third-party/jquery-ui.js, line 1: TypeError: b is null
JavaScript error: https://assets.api.useinsider.com/js/third-party/jquery-ui.js, line 1: TypeError: b is null
IPDL protocol error: Handler returned error code!

###!!! [Parent][DispatchAsyncMessage] Error: PMessagePort::Msg_PostMessages Processing error: message was deserialized, but the handler returned false (indicating failure)

IPDL protocol error: Handler returned error code!

###!!! [Parent][DispatchAsyncMessage] Error: PMessagePort::Msg_PostMessages Processing error: message was deserialized, but the handler returned false (indicating failure)

IPDL protocol error: Handler returned error code!

###!!! [Parent][DispatchAsyncMessage] Error: PMessagePort::Msg_PostMessages Processing error: message was deserialized, but the handler returned false (indicating failure)

IPDL protocol error: Handler returned error code!

###!!! [Parent][DispatchAsyncMessage] Error: PMessagePort::Msg_PostMessages Processing error: message was deserialized, but the handler returned false (indicating failure)

IPDL protocol error: Handler returned error code!

###!!! [Parent][DispatchAsyncMessage] Error: PMessagePort::Msg_PostMessages Processing error: message was deserialized, but the handler returned false (indicating failure)

JavaScript error: https://assets.api.useinsider.com/js/third-party/jquery-ui.js, line 1: TypeError: b is null
JavaScript error: https://assets.api.useinsider.com/js/third-party/jquery-ui.js, line 1: TypeError: b is null
IPDL protocol error: Handler returned error code!

###!!! [Parent][DispatchAsyncMessage] Error: PMessagePort::Msg_PostMessages Processing error: message was deserialized, but the handler returned false (indicating failure)

IPDL protocol error: Handler returned error code!

###!!! [Parent][DispatchAsyncMessage] Error: PMessagePort::Msg_PostMessages Processing error: message was deserialized, but the handler returned false (indicating failure)

IPDL protocol error: Handler returned error code!

###!!! [Parent][DispatchAsyncMessage] Error: PMessagePort::Msg_PostMessages Processing error: message was deserialized, but the handler returned false (indicating failure)

IPDL protocol error: Handler returned error code!

###!!! [Parent][DispatchAsyncMessage] Error: PMessagePort::Msg_PostMessages Processing error: message was deserialized, but the handler returned false (indicating failure)

JavaScript error: https://assets.api.useinsider.com/js/third-party/jquery-ui.js, line 1: TypeError: b is null
JavaScript error: https://assets.api.useinsider.com/js/third-party/jquery-ui.js, line 1: TypeError: b is null
IPDL protocol error: Handler returned error code!

###!!! [Parent][DispatchAsyncMessage] Error: PMessagePort::Msg_PostMessages Processing error: message was deserialized, but the handler returned false (indicating failure)

IPDL protocol error: Handler returned error code!

###!!! [Parent][DispatchAsyncMessage] Error: PMessagePort::Msg_PostMessages Processing error: message was deserialized, but the handler returned false (indicating failure)

IPDL protocol error: Handler returned error code!

###!!! [Parent][DispatchAsyncMessage] Error: PMessagePort::Msg_PostMessages Processing error: message was deserialized, but the handler returned false (indicating failure)

IPDL protocol error: Handler returned error code!

###!!! [Parent][DispatchAsyncMessage] Error: PMessagePort::Msg_PostMessages Processing error: message was deserialized, but the handler returned false (indicating failure)

IPDL protocol error: Handler returned error code!

###!!! [Parent][DispatchAsyncMessage] Error: PMessagePort::Msg_PostMessages Processing error: message was deserialized, but the handler returned false (indicating failure)

IPDL protocol error: Handler returned error code!

###!!! [Parent][DispatchAsyncMessage] Error: PMessagePort::Msg_PostMessages Processing error: message was deserialized, but the handler returned false (indicating failure)

IPDL protocol error: Handler returned error code!

###!!! [Parent][DispatchAsyncMessage] Error: PMessagePort::Msg_PostMessages Processing error: message was deserialized, but the handler returned false (indicating failure)

IPDL protocol error: Handler returned error code!

###!!! [Parent][DispatchAsyncMessage] Error: PMessagePort::Msg_PostMessages Processing error: message was deserialized, but the handler returned false (indicating failure)

IPDL protocol error: Handler returned error code!

###!!! [Parent][DispatchAsyncMessage] Error: PMessagePort::Msg_PostMessages Processing error: message was deserialized, but the handler returned false (indicating failure)

IPDL protocol error: Handler returned error code!

###!!! [Parent][DispatchAsyncMessage] Error: PMessagePort::Msg_PostMessages Processing error: message was deserialized, but the handler returned false (indicating failure)

IPDL protocol error: Handler returned error code!

###!!! [Parent][DispatchAsyncMessage] Error: PMessagePort::Msg_PostMessages Processing error: message was deserialized, but the handler returned false (indicating failure)

IPDL protocol error: Handler returned error code!

###!!! [Parent][DispatchAsyncMessage] Error: PMessagePort::Msg_PostMessages Processing error: message was deserialized, but the handler returned false (indicating failure)

IPDL protocol error: Handler returned error code!

###!!! [Parent][DispatchAsyncMessage] Error: PMessagePort::Msg_PostMessages Processing error: message was deserialized, but the handler returned false (indicating failure)

IPDL protocol error: Handler returned error code!

###!!! [Parent][DispatchAsyncMessage] Error: PMessagePort::Msg_PostMessages Processing error: message was deserialized, but the handler returned false (indicating failure)

IPDL protocol error: Handler returned error code!

###!!! [Parent][DispatchAsyncMessage] Error: PMessagePort::Msg_PostMessages Processing error: message was deserialized, but the handler returned false (indicating failure)

IPDL protocol error: Handler returned error code!

###!!! [Parent][DispatchAsyncMessage] Error: PMessagePort::Msg_PostMessages Processing error: message was deserialized, but the handler returned false (indicating failure)

IPDL protocol error: Handler returned error code!

###!!! [Parent][DispatchAsyncMessage] Error: PMessagePort::Msg_PostMessages Processing error: message was deserialized, but the handler returned false (indicating failure)

IPDL protocol error: Handler returned error code!

###!!! [Parent][DispatchAsyncMessage] Error: PMessagePort::Msg_PostMessages Processing error: message was deserialized, but the handler returned false (indicating failure)

IPDL protocol error: Handler returned error code!

###!!! [Parent][DispatchAsyncMessage] Error: PMessagePort::Msg_PostMessages Processing error: message was deserialized, but the handler returned false (indicating failure)

IPDL protocol error: Handler returned error code!

###!!! [Parent][DispatchAsyncMessage] Error: PMessagePort::Msg_PostMessages Processing error: message was deserialized, but the handler returned false (indicating failure)

IPDL protocol error: Handler returned error code!

###!!! [Parent][DispatchAsyncMessage] Error: PMessagePort::Msg_PostMessages Processing error: message was deserialized, but the handler returned false (indicating failure)

IPDL protocol error: Handler returned error code!

###!!! [Parent][DispatchAsyncMessage] Error: PMessagePort::Msg_PostMessages Processing error: message was deserialized, but the handler returned false (indicating failure)

IPDL protocol error: Handler returned error code!

###!!! [Parent][DispatchAsyncMessage] Error: PMessagePort::Msg_PostMessages Processing error: message was deserialized, but the handler returned false (indicating failure)

IPDL protocol error: Handler returned error code!

###!!! [Parent][DispatchAsyncMessage] Error: PMessagePort::Msg_PostMessages Processing error: message was deserialized, but the handler returned false (indicating failure)

IPDL protocol error: Handler returned error code!

###!!! [Parent][DispatchAsyncMessage] Error: PMessagePort::Msg_PostMessages Processing error: message was deserialized, but the handler returned false (indicating failure)

IPDL protocol error: Handler returned error code!

###!!! [Parent][DispatchAsyncMessage] Error: PMessagePort::Msg_PostMessages Processing error: message was deserialized, but the handler returned false (indicating failure)

IPDL protocol error: Handler returned error code!

###!!! [Parent][DispatchAsyncMessage] Error: PMessagePort::Msg_PostMessages Processing error: message was deserialized, but the handler returned false (indicating failure)

IPDL protocol error: Handler returned error code!

###!!! [Parent][DispatchAsyncMessage] Error: PMessagePort::Msg_PostMessages Processing error: message was deserialized, but the handler returned false (indicating failure)

IPDL protocol error: Handler returned error code!

###!!! [Parent][DispatchAsyncMessage] Error: PMessagePort::Msg_PostMessages Processing error: message was deserialized, but the handler returned false (indicating failure)

IPDL protocol error: Handler returned error code!

###!!! [Parent][DispatchAsyncMessage] Error: PMessagePort::Msg_PostMessages Processing error: message was deserialized, but the handler returned false (indicating failure)

JavaScript error: https://idefix.api.useinsider.com/api/info/frame?id=2790&version=1597528176, line 204: TypeError: document.body is null
JavaScript error: https://assets.api.useinsider.com/js/third-party/jquery-ui.js, line 1: TypeError: b is null
IPDL protocol error: Handler returned error code!

###!!! [Parent][DispatchAsyncMessage] Error: PMessagePort::Msg_PostMessages Processing error: message was deserialized, but the handler returned false (indicating failure)

IPDL protocol error: Handler returned error code!

###!!! [Parent][DispatchAsyncMessage] Error: PMessagePort::Msg_PostMessages Processing error: message was deserialized, but the handler returned false (indicating failure)

IPDL protocol error: Handler returned error code!

###!!! [Parent][DispatchAsyncMessage] Error: PMessagePort::Msg_PostMessages Processing error: message was deserialized, but the handler returned false (indicating failure)

JavaScript error: , line 0: uncaught exception: out of memory
JavaScript error: , line 0: uncaught exception: out of memory
JavaScript error: , line 0: uncaught exception: out of memory
JavaScript error: , line 0: uncaught exception: out of memory
JavaScript error: , line 0: uncaught exception: out of memory
JavaScript error: , line 0: uncaught exception: out of memory
JavaScript error: , line 0: uncaught exception: out of memory
JavaScript error: , line 0: uncaught exception: out of memory
JavaScript error: , line 0: uncaught exception: out of memory
JavaScript error: , line 0: uncaught exception: out of memory
JavaScript error: , line 0: uncaught exception: out of memory
JavaScript error: , line 0: uncaught exception: out of memory
JavaScript error: , line 0: uncaught exception: out of memory
JavaScript error: , line 0: uncaught exception: out of memory
JavaScript error: , line 0: uncaught exception: out of memory
JavaScript error: , line 0: uncaught exception: out of memory
JavaScript error: , line 0: uncaught exception: out of memory
JavaScript error: , line 0: uncaught exception: out of memory
JavaScript error: , line 0: uncaught exception: out of memory
JavaScript error: , line 0: uncaught exception: out of memory
JavaScript error: , line 0: uncaught exception: out of memory
JavaScript error: , line 0: uncaught exception: out of memory
JavaScript error: , line 0: uncaught exception: out of memory
JavaScript error: , line 0: uncaught exception: out of memory
JavaScript error: , line 0: uncaught exception: out of memory
JavaScript error: , line 0: uncaught exception: out of memory
JavaScript error: , line 0: uncaught exception: out of memory
JavaScript error: , line 0: uncaught exception: out of memory
JavaScript error: , line 0: uncaught exception: out of memory
JavaScript error: , line 0: uncaught exception: out of memory
JavaScript error: , line 0: uncaught exception: out of memory
JavaScript error: , line 0: uncaught exception: out of memory
JavaScript error: , line 0: uncaught exception: out of memory
JavaScript error: , line 0: uncaught exception: out of memory
JavaScript error: , line 0: uncaught exception: out of memory
JavaScript error: , line 0: uncaught exception: out of memory
JavaScript error: , line 0: uncaught exception: out of memory
JavaScript error: , line 0: uncaught exception: out of memory
JavaScript error: , line 0: uncaught exception: out of memory
JavaScript error: , line 0: uncaught exception: out of memory
JavaScript error: , line 0: uncaught exception: out of memory
JavaScript error: , line 0: uncaught exception: out of memory
JavaScript error: , line 0: uncaught exception: out of memory
JavaScript error: , line 0: uncaught exception: out of memory
JavaScript error: , line 0: uncaught exception: out of memory
JavaScript error: , line 0: uncaught exception: out of memory
JavaScript error: , line 0: uncaught exception: out of memory
JavaScript error: , line 0: uncaught exception: out of memory
JavaScript error: , line 0: uncaught exception: out of memory
JavaScript error: , line 0: uncaught exception: out of memory
JavaScript error: , line 0: uncaught exception: out of memory
JavaScript error: , line 0: uncaught exception: out of memory
JavaScript error: , line 0: uncaught exception: out of memory
JavaScript error: , line 0: uncaught exception: out of memory
JavaScript error: , line 0: uncaught exception: out of memory
JavaScript error: , line 0: uncaught exception: out of memory
JavaScript error: , line 0: uncaught exception: out of memory
JavaScript error: , line 0: uncaught exception: out of memory
JavaScript error: , line 0: uncaught exception: out of memory
JavaScript error: , line 0: uncaught exception: out of memory
JavaScript error: , line 0: uncaught exception: out of memory
JavaScript error: , line 0: uncaught exception: out of memory
JavaScript error: , line 0: uncaught exception: out of memory
JavaScript error: , line 0: uncaught exception: out of memory
JavaScript error: , line 0: uncaught exception: out of memory
JavaScript error: , line 0: uncaught exception: out of memory
JavaScript error: , line 0: uncaught exception: out of memory
JavaScript error: , line 0: uncaught exception: out of memory
JavaScript error: , line 0: uncaught exception: out of memory
JavaScript error: , line 0: uncaught exception: out of memory
JavaScript error: , line 0: uncaught exception: out of memory
JavaScript error: , line 0: uncaught exception: out of memory
JavaScript error: , line 0: uncaught exception: out of memory
JavaScript error: , line 0: uncaught exception: out of memory
JavaScript error: , line 0: uncaught exception: out of memory
JavaScript error: , line 0: uncaught exception: out of memory
JavaScript error: , line 0: uncaught exception: out of memory
JavaScript error: , line 0: uncaught exception: out of memory
JavaScript error: , line 0: uncaught exception: out of memory
JavaScript error: , line 0: uncaught exception: out of memory
JavaScript error: , line 0: uncaught exception: out of memory
JavaScript error: , line 0: uncaught exception: out of memory
JavaScript error: , line 0: uncaught exception: out of memory
JavaScript error: , line 0: uncaught exception: out of memory
JavaScript error: , line 0: uncaught exception: out of memory
JavaScript error: , line 0: uncaught exception: out of memory
JavaScript error: , line 0: uncaught exception: out of memory
JavaScript error: , line 0: uncaught exception: out of memory
JavaScript error: , line 0: uncaught exception: out of memory
JavaScript error: , line 0: uncaught exception: out of memory
JavaScript error: , line 0: uncaught exception: out of memory
JavaScript error: , line 0: uncaught exception: out of memory
JavaScript error: , line 0: uncaught exception: out of memory
JavaScript error: , line 0: uncaught exception: out of memory
JavaScript error: , line 0: uncaught exception: out of memory
JavaScript error: , line 0: uncaught exception: out of memory
JavaScript error: , line 0: uncaught exception: out of memory
JavaScript error: , line 0: uncaught exception: out of memory
JavaScript error: , line 0: uncaught exception: out of memory
JavaScript error: , line 0: uncaught exception: out of memory
JavaScript error: , line 0: uncaught exception: out of memory
JavaScript error: , line 0: uncaught exception: out of memory
JavaScript error: , line 0: uncaught exception: out of memory
JavaScript error: , line 0: uncaught exception: out of memory
JavaScript error: , line 0: uncaught exception: out of memory
JavaScript error: , line 0: uncaught exception: out of memory
JavaScript error: , line 0: uncaught exception: out of memory
JavaScript error: , line 0: uncaught exception: out of memory
JavaScript error: , line 0: uncaught exception: out of memory
JavaScript error: , line 0: uncaught exception: out of memory
JavaScript error: , line 0: uncaught exception: out of memory
JavaScript error: , line 0: uncaught exception: out of memory
JavaScript error: , line 0: uncaught exception: out of memory
JavaScript error: , line 0: uncaught exception: out of memory
JavaScript error: , line 0: uncaught exception: out of memory
JavaScript error: , line 0: uncaught exception: out of memory
JavaScript error: , line 0: uncaught exception: out of memory
JavaScript error: , line 0: uncaught exception: out of memory
JavaScript error: , line 0: uncaught exception: out of memory
JavaScript error: , line 0: uncaught exception: out of memory
JavaScript error: , line 0: uncaught exception: out of memory
JavaScript error: , line 0: uncaught exception: out of memory
JavaScript error: , line 0: uncaught exception: out of memory
JavaScript error: , line 0: uncaught exception: out of memory
JavaScript error: , line 0: uncaught exception: out of memory
JavaScript error: , line 0: uncaught exception: out of memory
JavaScript error: , line 0: uncaught exception: out of memory
JavaScript error: , line 0: uncaught exception: out of memory
JavaScript error: , line 0: uncaught exception: out of memory
JavaScript error: , line 0: uncaught exception: out of memory
JavaScript error: , line 0: uncaught exception: out of memory
JavaScript error: , line 0: uncaught exception: out of memory
JavaScript error: , line 0: uncaught exception: out of memory
JavaScript error: , line 0: uncaught exception: out of memory
JavaScript error: , line 0: uncaught exception: out of memory
JavaScript error: resource:///modules/sessionstore/ContentSessionStore.jsm, line 476: uncaught exception: out of memory
JavaScript error: , line 0: uncaught exception: out of memory
JavaScript error: , line 0: uncaught exception: out of memory
JavaScript error: , line 0: uncaught exception: out of memory
JavaScript error: , line 0: uncaught exception: out of memory
JavaScript error: , line 0: uncaught exception: out of memory
JavaScript error: , line 0: uncaught exception: out of memory
JavaScript error: , line 0: uncaught exception: out of memory
JavaScript error: , line 0: uncaught exception: out of memory
JavaScript error: , line 0: uncaught exception: out of memory
JavaScript error: , line 0: uncaught exception: out of memory
JavaScript error: , line 0: uncaught exception: out of memory
JavaScript error: , line 0: uncaught exception: out of memory
JavaScript error: , line 0: uncaught exception: out of memory
JavaScript error: , line 0: uncaught exception: out of memory
JavaScript error: , line 0: uncaught exception: out of memory
JavaScript error: , line 0: uncaught exception: out of memory
JavaScript error: , line 0: uncaught exception: out of memory
JavaScript error: , line 0: uncaught exception: out of memory
JavaScript error: , line 0: uncaught exception: out of memory
JavaScript error: , line 0: uncaught exception: out of memory
JavaScript error: , line 0: uncaught exception: out of memory
JavaScript error: , line 0: uncaught exception: out of memory
JavaScript error: , line 0: uncaught exception: out of memory
JavaScript error: , line 0: uncaught exception: out of memory
JavaScript error: , line 0: uncaught exception: out of memory
JavaScript error: , line 0: uncaught exception: out of memory
JavaScript error: , line 0: uncaught exception: out of memory
JavaScript error: , line 0: uncaught exception: out of memory
JavaScript error: , line 0: uncaught exception: out of memory
JavaScript error: , line 0: uncaught exception: out of memory
JavaScript error: , line 0: uncaught exception: out of memory
JavaScript error: , line 0: uncaught exception: out of memory
JavaScript error: , line 0: uncaught exception: out of memory
JavaScript error: , line 0: uncaught exception: out of memory
JavaScript error: , line 0: uncaught exception: out of memory
JavaScript error: , line 0: uncaught exception: out of memory
JavaScript error: , line 0: uncaught exception: out of memory
JavaScript error: , line 0: uncaught exception: out of memory
JavaScript error: , line 0: uncaught exception: out of memory
JavaScript error: , line 0: uncaught exception: out of memory
JavaScript error: , line 0: uncaught exception: out of memory
JavaScript error: , line 0: uncaught exception: out of memory
JavaScript error: , line 0: uncaught exception: out of memory
JavaScript error: , line 0: uncaught exception: out of memory
JavaScript error: , line 0: uncaught exception: out of memory
JavaScript error: , line 0: uncaught exception: out of memory
JavaScript error: , line 0: uncaught exception: out of memory
JavaScript error: , line 0: uncaught exception: out of memory
JavaScript error: , line 0: uncaught exception: out of memory
JavaScript error: , line 0: uncaught exception: out of memory
JavaScript error: , line 0: uncaught exception: out of memory
JavaScript error: , line 0: uncaught exception: out of memory
JavaScript error: , line 0: uncaught exception: out of memory
JavaScript error: , line 0: uncaught exception: out of memory
JavaScript error: , line 0: uncaught exception: out of memory
JavaScript error: , line 0: uncaught exception: out of memory
JavaScript error: , line 0: uncaught exception: out of memory
JavaScript error: , line 0: uncaught exception: out of memory
JavaScript error: , line 0: uncaught exception: out of memory
JavaScript error: , line 0: uncaught exception: out of memory
JavaScript error: , line 0: uncaught exception: out of memory
JavaScript error: , line 0: uncaught exception: out of memory
JavaScript error: , line 0: uncaught exception: out of memory
JavaScript error: , line 0: uncaught exception: out of memory
JavaScript error: , line 0: uncaught exception: out of memory
JavaScript error: https://assets.api.useinsider.com/js/third-party/jquery-ui.js, line 1: TypeError: b is null
JavaScript error: https://idefix.api.useinsider.com/api/info/frame?id=2790&version=1597535377, line 204: TypeError: document.body is null
JavaScript error: https://assets.api.useinsider.com/js/third-party/jquery-ui.js, line 1: TypeError: b is null
IPDL protocol error: Handler returned error code!

###!!! [Parent][DispatchAsyncMessage] Error: PMessagePort::Msg_PostMessages Processing error: message was deserialized, but the handler returned false (indicating failure)

IPDL protocol error: Handler returned error code!

###!!! [Parent][DispatchAsyncMessage] Error: PMessagePort::Msg_PostMessages Processing error: message was deserialized, but the handler returned false (indicating failure)

JavaScript error: https://assets.api.useinsider.com/js/third-party/jquery-ui.js, line 1: TypeError: b is null
IPDL protocol error: Handler returned error code!

###!!! [Parent][DispatchAsyncMessage] Error: PMessagePort::Msg_PostMessages Processing error: message was deserialized, but the handler returned false (indicating failure)

JavaScript error: https://assets.api.useinsider.com/js/third-party/jquery-ui.js, line 1: TypeError: b is null
IPDL protocol error: Handler returned error code!

###!!! [Parent][DispatchAsyncMessage] Error: PMessagePort::Msg_PostMessages Processing error: message was deserialized, but the handler returned false (indicating failure)

1597536167552	mozrunner::runner	INFO	Running command: "/Applications/Firefox.app/Contents/MacOS/firefox-bin" "-marionette" "-foreground" "-no-remote" "-profile" "/var/folders/3q/5srft3z90z19tq3qbt3qtqv80000gn/T/rust_mozprofilexdRVRc"
console.error: SearchCache: "_readCacheFile: Error reading cache file:" (new Error("", "(unknown module)"))
1597536170421	Marionette	INFO	Listening on port 54362
1597536170525	Marionette	WARN	TLS certificate errors will be ignored for this session
JavaScript error: https://www.idefix.com/kategori/Kitap/Bilim/grupno=00052 line 1408 > injectedScript, line 1: ReferenceError: Visilabs is not defined
JavaScript error: https://www.idefix.com/kategori/Kitap/Bilim/grupno=00052?Page=1, line 979: ReferenceError: Visilabs is not defined
1597536804381	mozrunner::runner	INFO	Running command: "/Applications/Firefox.app/Contents/MacOS/firefox-bin" "-marionette" "-foreground" "-no-remote" "-profile" "/var/folders/3q/5srft3z90z19tq3qbt3qtqv80000gn/T/rust_mozprofileDhgGyX"
console.error: SearchCache: "_readCacheFile: Error reading cache file:" (new Error("", "(unknown module)"))
1597536807466	Marionette	INFO	Listening on port 54587
1597536807488	Marionette	WARN	TLS certificate errors will be ignored for this session
JavaScript error: resource:///modules/sessionstore/ContentSessionStore.jsm, line 466: Error: TelemetryStopwatch: key "FX_SESSION_RESTORE_CONTENT_COLLECT_DATA_MS" was already initialized
JavaScript error: resource:///modules/sessionstore/ContentSessionStore.jsm, line 472: Error: TelemetryStopwatch: finishing nonexisting stopwatch. Histogram: "FX_SESSION_RESTORE_CONTENT_COLLECT_DATA_MS", key: "historychange"
1597536818140	Marionette	INFO	Stopped listening on port 60279
objc[11325]: Class FIFinderSyncExtensionHost is implemented in both /System/Library/PrivateFrameworks/FinderKit.framework/Versions/A/FinderKit (0x7fff8beb0cd0) and /System/Library/PrivateFrameworks/FileProvider.framework/OverrideBundles/FinderSyncCollaborationFileProviderOverride.bundle/Contents/MacOS/FinderSyncCollaborationFileProviderOverride (0x129fcacd8). One of the two will be used. Which one is undefined.
